<?xml version="1.0" encoding="UTF-8"?>
<!-- Generated by org.testng.reporters.JUnitXMLReporter -->
<testsuite hostname="LAPTOP-Q8UQAUDS" ignored="4" name="Grouping_Test1" tests="9" failures="0" timestamp="2022-08-04T21:28:36 IST" time="0.272" errors="0">
  <testcase name="test1" time="0.029" classname="testNG.Sample11"/>
  <testcase name="test2" time="0.003" classname="testNG.Sample11"/>
  <testcase name="test5" time="0.002" classname="testNG.Sample11"/>
  <testcase name="test6" time="0.005" classname="testNG.Sample11"/>
  <testcase name="test7" time="0.006" classname="testNG.Sample11"/>
  <testcase name="test10" time="0.002" classname="testNG.Sample12"/>
  <testcase name="test12" time="0.003" classname="testNG.Sample12"/>
  <testcase name="test8" time="0.003" classname="testNG.Sample12"/>
  <testcase name="test9" time="0.006" classname="testNG.Sample12"/>
  <testcase name="test11" time="0.0" classname="testNG.Sample12">
    <ignored/>
  </testcase> <!-- test11 -->
  <testcase name="test3" time="0.0" classname="testNG.Sample11">
    <ignored/>
  </testcase> <!-- test3 -->
  <testcase name="test13" time="0.0" classname="testNG.Sample12">
    <ignored/>
  </testcase> <!-- test13 -->
  <testcase name="test4" time="0.0" classname="testNG.Sample11">
    <ignored/>
  </testcase> <!-- test4 -->
</testsuite> <!-- Grouping_Test1 -->
