<?xml version="1.0" encoding="UTF-8"?>
<!-- Generated by org.testng.reporters.JUnitXMLReporter -->
<testsuite hostname="LAPTOP-Q8UQAUDS" ignored="6" name="Default test(failed)(failed)" tests="1" failures="0" timestamp="2022-07-29T22:08:54 IST" time="0.131" errors="0">
  <testcase name="test3" time="0.021" classname="testNG.Sample11"/>
  <testcase name="test7" time="0.0" classname="testNG.Sample11">
    <ignored/>
  </testcase> <!-- test7 -->
  <testcase name="test6" time="0.0" classname="testNG.Sample11">
    <ignored/>
  </testcase> <!-- test6 -->
  <testcase name="test5" time="0.0" classname="testNG.Sample11">
    <ignored/>
  </testcase> <!-- test5 -->
  <testcase name="test2" time="0.0" classname="testNG.Sample11">
    <ignored/>
  </testcase> <!-- test2 -->
  <testcase name="test4" time="0.0" classname="testNG.Sample11">
    <ignored/>
  </testcase> <!-- test4 -->
  <testcase name="test1" time="0.0" classname="testNG.Sample11">
    <ignored/>
  </testcase> <!-- test1 -->
</testsuite> <!-- Default test(failed)(failed) -->
