<?xml version="1.0" encoding="UTF-8"?>
<!-- Generated by org.testng.reporters.JUnitXMLReporter -->
<testsuite hostname="LAPTOP-Q8UQAUDS" ignored="0" name="chrome" tests="1" failures="1" timestamp="2022-08-04T21:55:47 IST" time="0.146" errors="0">
  <testcase name="test" time="0.022" classname="parallel_Testing_testNG.CT">
    <failure type="java.lang.NullPointerException">
      <![CDATA[java.lang.NullPointerException
at parallel_Testing_testNG.CT.test(CT.java:25)
at java.util.ArrayList.forEach(Unknown Source)
... Removed 27 stack frames]]>
    </failure>
  </testcase> <!-- test -->
</testsuite> <!-- chrome -->
