<?xml version="1.0" encoding="UTF-8"?>
<!-- Generated by org.testng.reporters.JUnitXMLReporter -->
<testsuite hostname="LAPTOP-Q8UQAUDS" ignored="0" name="firefox1" tests="1" failures="1" timestamp="2022-08-05T21:41:41 IST" time="19.788" errors="0">
  <testcase name="test" time="19.657" classname="parallel_Testing_testNG.CT">
    <failure type="java.lang.AssertionError" message="The following asserts failed:
	Test case 001 is fail expected [CreateNew Account] but found [Create New Account]">
      <![CDATA[java.lang.AssertionError: The following asserts failed:
Test case 001 is fail expected [CreateNew Account] but found [Create New Account]
at parallel_Testing_testNG.CT.test(CT.java:56)
at java.util.ArrayList.forEach(Unknown Source)
at java.util.concurrent.FutureTask.run(Unknown Source)
at java.util.concurrent.ThreadPoolExecutor.runWorker(Unknown Source)
at java.util.concurrent.ThreadPoolExecutor$Worker.run(Unknown Source)
at java.lang.Thread.run(Unknown Source)
... Removed 20 stack frames]]>
    </failure>
  </testcase> <!-- test -->
</testsuite> <!-- firefox1 -->
