<?xml version="1.0" encoding="UTF-8"?>
<testng-results skipped="0" failed="0" ignored="0" total="1" passed="1">
  <reporter-output>
  </reporter-output>
  <suite name="listener1" duration-ms="154" started-at="2022-08-18T21:59:27 IST" finished-at="2022-08-18T21:59:27 IST">
    <groups>
    </groups>
    <test name="test1" duration-ms="154" started-at="2022-08-18T21:59:27 IST" finished-at="2022-08-18T21:59:27 IST">
      <class name="Listeners.Sample2">
        <test-method status="PASS" signature="test1()[pri:0, instance:Listeners.Sample2@1e6d1014]" name="test1" duration-ms="27" started-at="2022-08-18T21:59:27 IST" finished-at="2022-08-18T21:59:27 IST">
          <reporter-output>
          </reporter-output>
        </test-method> <!-- test1 -->
      </class> <!-- Listeners.Sample2 -->
    </test> <!-- test1 -->
  </suite> <!-- listener1 -->
</testng-results>
