<?xml version="1.0" encoding="UTF-8"?>
<testng-results ignored="0" total="1" passed="1" failed="0" skipped="0">
  <reporter-output>
  </reporter-output>
  <suite started-at="2022-09-13T11:10:07 IST" name="Default suite" finished-at="2022-09-13T11:10:08 IST" duration-ms="79">
    <groups>
    </groups>
    <test started-at="2022-09-13T11:10:07 IST" name="Default test" finished-at="2022-09-13T11:10:08 IST" duration-ms="79">
      <class name="Listeners.Sample2">
        <test-method signature="test1()[pri:0, instance:Listeners.Sample2@5cee5251]" started-at="2022-09-13T11:10:08 IST" name="test1" finished-at="2022-09-13T11:10:08 IST" duration-ms="17" status="PASS">
          <reporter-output>
          </reporter-output>
        </test-method> <!-- test1 -->
      </class> <!-- Listeners.Sample2 -->
    </test> <!-- Default test -->
  </suite> <!-- Default suite -->
</testng-results>
