<?xml version="1.0" encoding="UTF-8"?>
<!-- Generated by org.testng.reporters.JUnitXMLReporter -->
<testsuite hostname="LAPTOP-Q8UQAUDS" ignored="5" name="Test1" tests="2" failures="0" timestamp="2022-08-02T20:38:40 IST" time="0.14" errors="0">
  <testcase name="test7" time="0.021" classname="testNG.Sample11"/>
  <testcase name="test1" time="0.004" classname="testNG.Sample11"/>
  <testcase name="test6" time="0.0" classname="testNG.Sample11">
    <ignored/>
  </testcase> <!-- test6 -->
  <testcase name="test3" time="0.0" classname="testNG.Sample11">
    <ignored/>
  </testcase> <!-- test3 -->
  <testcase name="test5" time="0.0" classname="testNG.Sample11">
    <ignored/>
  </testcase> <!-- test5 -->
  <testcase name="test2" time="0.0" classname="testNG.Sample11">
    <ignored/>
  </testcase> <!-- test2 -->
  <testcase name="test4" time="0.0" classname="testNG.Sample11">
    <ignored/>
  </testcase> <!-- test4 -->
</testsuite> <!-- Test1 -->
